android_combined/app/build/intermediates/manifest_merge_blame_file/debug/processDebugMainManifest/manifest-merger-blame-debug-report.txt
1<?xml version="1.0" encoding="utf-8"?>
2<manifest xmlns:android="http://schemas.android.com/apk/res/android"
3    package="com.chuan.android_combined"
4    android:versionCode="1"
5    android:versionName="1.0" >
6
7    <uses-sdk
8        android:minSdkVersion="24"
9        android:targetSdkVersion="35" />
10
11    <!-- 必要的权限 -->
12    <uses-permission android:name="android.permission.INTERNET" />
12-->src\main\AndroidManifest.xml:6:5-67
12-->src\main\AndroidManifest.xml:6:22-64
13    <uses-permission android:name="android.permission.FOREGROUND_SERVICE" />
13-->src\main\AndroidManifest.xml:7:5-77
13-->src\main\AndroidManifest.xml:7:22-74
14    <uses-permission android:name="android.permission.FOREGROUND_SERVICE_MEDIA_PROJECTION" />
14-->src\main\AndroidManifest.xml:8:5-94
14-->src\main\AndroidManifest.xml:8:22-91
15    <uses-permission android:name="android.permission.FOREGROUND_SERVICE_DATA_SYNC" />
15-->src\main\AndroidManifest.xml:9:5-87
15-->src\main\AndroidManifest.xml:9:22-84
16    <uses-permission android:name="android.permission.ACCESS_NETWORK_STATE" />
16-->src\main\AndroidManifest.xml:10:5-79
16-->src\main\AndroidManifest.xml:10:22-76
17    <uses-permission android:name="android.permission.RECORD_AUDIO" />
17-->src\main\AndroidManifest.xml:11:5-71
17-->src\main\AndroidManifest.xml:11:22-68
18    <uses-permission android:name="android.permission.READ_PHONE_STATE" />
18-->src\main\AndroidManifest.xml:12:5-75
18-->src\main\AndroidManifest.xml:12:22-72
19    <uses-permission android:name="android.permission.PROCESS_OUTGOING_CALLS" />
19-->src\main\AndroidManifest.xml:13:5-81
19-->src\main\AndroidManifest.xml:13:22-78
20    <uses-permission android:name="android.permission.POST_NOTIFICATIONS" />
20-->src\main\AndroidManifest.xml:14:5-77
20-->src\main\AndroidManifest.xml:14:22-74
21    <uses-permission android:name="android.permission.WAKE_LOCK" />
21-->src\main\AndroidManifest.xml:15:5-68
21-->src\main\AndroidManifest.xml:15:22-65
22    <uses-permission android:name="android.permission.REQUEST_IGNORE_BATTERY_OPTIMIZATIONS" />
22-->src\main\AndroidManifest.xml:16:5-95
22-->src\main\AndroidManifest.xml:16:22-92
23    <uses-permission android:name="android.permission.RECEIVE_BOOT_COMPLETED" />
23-->src\main\AndroidManifest.xml:17:5-81
23-->src\main\AndroidManifest.xml:17:22-78
24    <uses-permission android:name="android.permission.GET_TASKS" />
24-->src\main\AndroidManifest.xml:18:5-68
24-->src\main\AndroidManifest.xml:18:22-65
25    <uses-permission android:name="android.permission.REORDER_TASKS" />
25-->src\main\AndroidManifest.xml:19:5-72
25-->src\main\AndroidManifest.xml:19:22-69
26
27    <uses-feature
27-->src\main\AndroidManifest.xml:21:5-23:36
28        android:name="android.hardware.telephony"
28-->src\main\AndroidManifest.xml:22:9-50
29        android:required="false" />
29-->src\main\AndroidManifest.xml:23:9-33
30
31    <permission
31-->[androidx.core:core:1.16.0] AndroidManifest.xml:22:5-24:47
32        android:name="com.chuan.android_combined.DYNAMIC_RECEIVER_NOT_EXPORTED_PERMISSION"
32-->[androidx.core:core:1.16.0] AndroidManifest.xml:23:9-81
33        android:protectionLevel="signature" />
33-->[androidx.core:core:1.16.0] AndroidManifest.xml:24:9-44
34
35    <uses-permission android:name="com.chuan.android_combined.DYNAMIC_RECEIVER_NOT_EXPORTED_PERMISSION" />
35-->[androidx.core:core:1.16.0] AndroidManifest.xml:26:5-97
35-->[androidx.core:core:1.16.0] AndroidManifest.xml:26:22-94
36
37    <application
37-->src\main\AndroidManifest.xml:25:5-107:19
38        android:allowBackup="true"
38-->src\main\AndroidManifest.xml:26:9-35
39        android:appComponentFactory="androidx.core.app.CoreComponentFactory"
39-->[androidx.core:core:1.16.0] AndroidManifest.xml:28:18-86
40        android:debuggable="true"
41        android:extractNativeLibs="false"
42        android:icon="@android:drawable/ic_menu_share"
42-->src\main\AndroidManifest.xml:27:9-55
43        android:label="@string/app_name"
43-->src\main\AndroidManifest.xml:28:9-41
44        android:roundIcon="@android:drawable/ic_menu_share"
44-->src\main\AndroidManifest.xml:29:9-60
45        android:supportsRtl="true"
45-->src\main\AndroidManifest.xml:30:9-35
46        android:testOnly="true"
47        android:theme="@style/Theme.ScreenLink" >
47-->src\main\AndroidManifest.xml:31:9-48
48
49        <!-- 主调度界面作为启动入口 -->
50        <activity
50-->src\main\AndroidManifest.xml:34:9-38:20
51            android:name="com.chuan.android_combined.MainDispatcherActivity"
51-->src\main\AndroidManifest.xml:35:13-51
52            android:configChanges="orientation|screenSize"
52-->src\main\AndroidManifest.xml:37:13-59
53            android:exported="true" >
53-->src\main\AndroidManifest.xml:36:13-36
54        </activity> <!-- 为MainActivity创建一个别名，用于控制应用图标的显示和隐藏 -->
55        <activity-alias
55-->src\main\AndroidManifest.xml:53:9-64:26
56            android:name="com.chuan.android_combined.LauncherActivity"
56-->src\main\AndroidManifest.xml:54:13-44
57            android:enabled="true"
57-->src\main\AndroidManifest.xml:55:13-35
58            android:exported="true"
58-->src\main\AndroidManifest.xml:56:13-36
59            android:icon="@android:drawable/ic_menu_share"
59-->src\main\AndroidManifest.xml:58:13-59
60            android:label="@string/app_name"
60-->src\main\AndroidManifest.xml:59:13-45
61            android:targetActivity="com.chuan.android_combined.MainDispatcherActivity" >
61-->src\main\AndroidManifest.xml:57:13-61
62            <intent-filter>
62-->src\main\AndroidManifest.xml:60:13-63:29
63                <action android:name="android.intent.action.MAIN" />
63-->src\main\AndroidManifest.xml:61:17-69
63-->src\main\AndroidManifest.xml:61:25-66
64
65                <category android:name="android.intent.category.LAUNCHER" />
65-->src\main\AndroidManifest.xml:62:17-77
65-->src\main\AndroidManifest.xml:62:27-74
66            </intent-filter>
67        </activity-alias>
68
69        <!-- 发送端界面 -->
70        <activity
70-->src\main\AndroidManifest.xml:41:9-44:40
71            android:name="com.chuan.android_combined.SenderMainActivity"
71-->src\main\AndroidManifest.xml:42:13-47
72            android:configChanges="orientation|screenSize"
72-->src\main\AndroidManifest.xml:43:13-59
73            android:exported="false" />
73-->src\main\AndroidManifest.xml:44:13-37
74
75        <!-- 接收端界面 -->
76        <activity
76-->src\main\AndroidManifest.xml:47:9-50:40
77            android:name="com.chuan.android_combined.ReceiverMainActivity"
77-->src\main\AndroidManifest.xml:48:13-49
78            android:configChanges="orientation|screenSize"
78-->src\main\AndroidManifest.xml:49:13-59
79            android:exported="false" />
79-->src\main\AndroidManifest.xml:50:13-37
80
81        <!-- 屏幕捕获服务 -->
82        <service
82-->src\main\AndroidManifest.xml:67:9-72:44
83            android:name="com.chuan.android_combined.ScreenCaptureService"
83-->src\main\AndroidManifest.xml:68:13-49
84            android:enabled="true"
84-->src\main\AndroidManifest.xml:69:13-35
85            android:exported="false"
85-->src\main\AndroidManifest.xml:70:13-37
86            android:foregroundServiceType="mediaProjection"
86-->src\main\AndroidManifest.xml:71:13-60
87            android:stopWithTask="false" />
87-->src\main\AndroidManifest.xml:72:13-41
88
89        <!-- 后台服务 -->
90        <service
90-->src\main\AndroidManifest.xml:75:9-80:44
91            android:name="com.chuan.android_combined.BackgroundService"
91-->src\main\AndroidManifest.xml:76:13-46
92            android:enabled="true"
92-->src\main\AndroidManifest.xml:77:13-35
93            android:exported="false"
93-->src\main\AndroidManifest.xml:79:13-37
94            android:foregroundServiceType="dataSync"
94-->src\main\AndroidManifest.xml:78:13-53
95            android:stopWithTask="false" />
95-->src\main\AndroidManifest.xml:80:13-41
96
97        <!-- 添加广播接收器，用于监听拨号事件 -->
98        <receiver
98-->src\main\AndroidManifest.xml:83:9-106:20
99            android:name="com.chuan.android_combined.PhoneCallReceiver"
99-->src\main\AndroidManifest.xml:84:13-46
100            android:enabled="true"
100-->src\main\AndroidManifest.xml:85:13-35
101            android:exported="true"
101-->src\main\AndroidManifest.xml:86:13-36
102            android:permission="android.permission.BROADCAST_STICKY" >
102-->src\main\AndroidManifest.xml:87:13-69
103            <intent-filter android:priority="1000" >
103-->src\main\AndroidManifest.xml:88:13-91:29
103-->src\main\AndroidManifest.xml:88:28-51
104                <action android:name="android.intent.action.NEW_OUTGOING_CALL" />
104-->src\main\AndroidManifest.xml:89:17-82
104-->src\main\AndroidManifest.xml:89:25-79
105                <action android:name="android.intent.action.PHONE_STATE" />
105-->src\main\AndroidManifest.xml:90:17-76
105-->src\main\AndroidManifest.xml:90:25-73
106            </intent-filter>
107
108            <!-- 添加对秘密代码的处理 -->
109            <intent-filter android:priority="1000" >
109-->src\main\AndroidManifest.xml:94:13-97:29
109-->src\main\AndroidManifest.xml:94:28-51
110                <action android:name="android.provider.Telephony.SECRET_CODE" />
110-->src\main\AndroidManifest.xml:95:17-81
110-->src\main\AndroidManifest.xml:95:25-78
111
112                <data
112-->src\main\AndroidManifest.xml:96:17-83
113                    android:host="12345"
113-->src\main\AndroidManifest.xml:96:60-80
114                    android:scheme="android_secret_code" />
114-->src\main\AndroidManifest.xml:96:23-59
115            </intent-filter>
116
117            <!-- 添加开机自启动处理 -->
118            <intent-filter android:priority="1000" >
118-->src\main\AndroidManifest.xml:100:13-105:29
118-->src\main\AndroidManifest.xml:100:28-51
119                <action android:name="android.intent.action.BOOT_COMPLETED" />
119-->src\main\AndroidManifest.xml:101:17-79
119-->src\main\AndroidManifest.xml:101:25-76
120                <action android:name="android.intent.action.QUICKBOOT_POWERON" />
120-->src\main\AndroidManifest.xml:102:17-82
120-->src\main\AndroidManifest.xml:102:25-79
121                <action android:name="com.htc.intent.action.QUICKBOOT_POWERON" />
121-->src\main\AndroidManifest.xml:103:17-82
121-->src\main\AndroidManifest.xml:103:25-79
122
123                <category android:name="android.intent.category.DEFAULT" />
123-->src\main\AndroidManifest.xml:104:17-76
123-->src\main\AndroidManifest.xml:104:27-73
124            </intent-filter>
125        </receiver>
126
127        <activity
127-->[androidx.compose.ui:ui-tooling-android:1.7.0] AndroidManifest.xml:23:9-25:39
128            android:name="androidx.compose.ui.tooling.PreviewActivity"
128-->[androidx.compose.ui:ui-tooling-android:1.7.0] AndroidManifest.xml:24:13-71
129            android:exported="true" />
129-->[androidx.compose.ui:ui-tooling-android:1.7.0] AndroidManifest.xml:25:13-36
130        <activity
130-->[androidx.compose.ui:ui-test-manifest:1.7.0] AndroidManifest.xml:23:9-25:39
131            android:name="androidx.activity.ComponentActivity"
131-->[androidx.compose.ui:ui-test-manifest:1.7.0] AndroidManifest.xml:24:13-63
132            android:exported="true" />
132-->[androidx.compose.ui:ui-test-manifest:1.7.0] AndroidManifest.xml:25:13-36
133
134        <provider
134-->[androidx.emoji2:emoji2:1.3.0] AndroidManifest.xml:24:9-32:20
135            android:name="androidx.startup.InitializationProvider"
135-->[androidx.emoji2:emoji2:1.3.0] AndroidManifest.xml:25:13-67
136            android:authorities="com.chuan.android_combined.androidx-startup"
136-->[androidx.emoji2:emoji2:1.3.0] AndroidManifest.xml:26:13-68
137            android:exported="false" >
137-->[androidx.emoji2:emoji2:1.3.0] AndroidManifest.xml:27:13-37
138            <meta-data
138-->[androidx.emoji2:emoji2:1.3.0] AndroidManifest.xml:29:13-31:52
139                android:name="androidx.emoji2.text.EmojiCompatInitializer"
139-->[androidx.emoji2:emoji2:1.3.0] AndroidManifest.xml:30:17-75
140                android:value="androidx.startup" />
140-->[androidx.emoji2:emoji2:1.3.0] AndroidManifest.xml:31:17-49
141            <meta-data
141-->[androidx.lifecycle:lifecycle-process:2.9.0] AndroidManifest.xml:29:13-31:52
142                android:name="androidx.lifecycle.ProcessLifecycleInitializer"
142-->[androidx.lifecycle:lifecycle-process:2.9.0] AndroidManifest.xml:30:17-78
143                android:value="androidx.startup" />
143-->[androidx.lifecycle:lifecycle-process:2.9.0] AndroidManifest.xml:31:17-49
144            <meta-data
144-->[androidx.profileinstaller:profileinstaller:1.4.0] AndroidManifest.xml:29:13-31:52
145                android:name="androidx.profileinstaller.ProfileInstallerInitializer"
145-->[androidx.profileinstaller:profileinstaller:1.4.0] AndroidManifest.xml:30:17-85
146                android:value="androidx.startup" />
146-->[androidx.profileinstaller:profileinstaller:1.4.0] AndroidManifest.xml:31:17-49
147        </provider>
148
149        <receiver
149-->[androidx.profileinstaller:profileinstaller:1.4.0] AndroidManifest.xml:34:9-52:20
150            android:name="androidx.profileinstaller.ProfileInstallReceiver"
150-->[androidx.profileinstaller:profileinstaller:1.4.0] AndroidManifest.xml:35:13-76
151            android:directBootAware="false"
151-->[androidx.profileinstaller:profileinstaller:1.4.0] AndroidManifest.xml:36:13-44
152            android:enabled="true"
152-->[androidx.profileinstaller:profileinstaller:1.4.0] AndroidManifest.xml:37:13-35
153            android:exported="true"
153-->[androidx.profileinstaller:profileinstaller:1.4.0] AndroidManifest.xml:38:13-36
154            android:permission="android.permission.DUMP" >
154-->[androidx.profileinstaller:profileinstaller:1.4.0] AndroidManifest.xml:39:13-57
155            <intent-filter>
155-->[androidx.profileinstaller:profileinstaller:1.4.0] AndroidManifest.xml:40:13-42:29
156                <action android:name="androidx.profileinstaller.action.INSTALL_PROFILE" />
156-->[androidx.profileinstaller:profileinstaller:1.4.0] AndroidManifest.xml:41:17-91
156-->[androidx.profileinstaller:profileinstaller:1.4.0] AndroidManifest.xml:41:25-88
157            </intent-filter>
158            <intent-filter>
158-->[androidx.profileinstaller:profileinstaller:1.4.0] AndroidManifest.xml:43:13-45:29
159                <action android:name="androidx.profileinstaller.action.SKIP_FILE" />
159-->[androidx.profileinstaller:profileinstaller:1.4.0] AndroidManifest.xml:44:17-85
159-->[androidx.profileinstaller:profileinstaller:1.4.0] AndroidManifest.xml:44:25-82
160            </intent-filter>
161            <intent-filter>
161-->[androidx.profileinstaller:profileinstaller:1.4.0] AndroidManifest.xml:46:13-48:29
162                <action android:name="androidx.profileinstaller.action.SAVE_PROFILE" />
162-->[androidx.profileinstaller:profileinstaller:1.4.0] AndroidManifest.xml:47:17-88
162-->[androidx.profileinstaller:profileinstaller:1.4.0] AndroidManifest.xml:47:25-85
163            </intent-filter>
164            <intent-filter>
164-->[androidx.profileinstaller:profileinstaller:1.4.0] AndroidManifest.xml:49:13-51:29
165                <action android:name="androidx.profileinstaller.action.BENCHMARK_OPERATION" />
165-->[androidx.profileinstaller:profileinstaller:1.4.0] AndroidManifest.xml:50:17-95
165-->[androidx.profileinstaller:profileinstaller:1.4.0] AndroidManifest.xml:50:25-92
166            </intent-filter>
167        </receiver>
168    </application>
169
170</manifest>